codedocsync\storage\vector_store.py:8: error: Cannot find implementation or library stub for module named "chromadb"  [import-not-found]
codedocsync\storage\vector_store.py:9: error: Cannot find implementation or library stub for module named "chromadb.config"  [import-not-found]
codedocsync\storage\vector_store.py:9: note: See https://mypy.readthedocs.io/en/stable/running_mypy.html#missing-imports
codedocsync\storage\vector_store.py:13: error: Unused "type: ignore" comment  [unused-ignore]
codedocsync\storage\vector_store.py:14: error: Unused "type: ignore[assignment, misc]" comment  [unused-ignore]
codedocsync\matcher\semantic_matcher.py:380: error: Incompatible types in assignment (expression has type "None", variable has type "VectorStore")  [assignment]
codedocsync\matcher\semantic_matcher.py:385: error: Incompatible types in assignment (expression has type "None", variable has type "EmbeddingCache")  [assignment]
codedocsync\matcher\semantic_matcher.py:389: error: Incompatible types in assignment (expression has type "None", variable has type "EmbeddingGenerator")  [assignment]
codedocsync\matcher\semantic_matcher.py:393: error: Incompatible types in assignment (expression has type "None", variable has type "SemanticScorer")  [assignment]
codedocsync\cli\analyze.py:125: error: Unexpected keyword argument "enable_semantic" for "UnifiedMatchingFacade"  [call-arg]
codedocsync\matcher\unified_facade.py:93: note: "UnifiedMatchingFacade" defined here
codedocsync\cli\analyze.py:328: error: Unexpected keyword argument "enable_semantic" for "UnifiedMatchingFacade"  [call-arg]
tests\test_chromadb_graceful_degradation.py:15: error: Function is missing a return type annotation  [no-untyped-def]
tests\test_chromadb_graceful_degradation.py:15: note: Use "-> None" if function does not return a value
tests\test_chromadb_graceful_degradation.py:33: error: Unexpected keyword argument "enable_semantic" for "UnifiedMatchingFacade"  [call-arg]
codedocsync\matcher\unified_facade.py:93: note: "UnifiedMatchingFacade" defined here
tests\test_chromadb_graceful_degradation.py:36: error: "UnifiedMatchingFacade" has no attribute "enable_semantic"  [attr-defined]
tests\test_chromadb_graceful_degradation.py:37: error: "UnifiedMatchingFacade" has no attribute "semantic_matcher"  [attr-defined]
tests\test_chromadb_graceful_degradation.py:41: error: "UnifiedMatchingFacade" has no attribute "direct_matcher"  [attr-defined]
tests\test_chromadb_graceful_degradation.py:42: error: "UnifiedMatchingFacade" has no attribute "contextual_matcher"  [attr-defined]
tests\test_chromadb_graceful_degradation.py:45: error: Function is missing a return type annotation  [no-untyped-def]
tests\test_chromadb_graceful_degradation.py:45: note: Use "-> None" if function does not return a value
tests\test_chromadb_graceful_degradation.py:62: error: Function is missing a return type annotation  [no-untyped-def]
tests\test_chromadb_graceful_degradation.py:62: note: Use "-> None" if function does not return a value
tests\test_chromadb_graceful_degradation.py:68: error: Missing positional argument "project_root" in call to "SemanticMatcher"  [call-arg]
tests\test_chromadb_graceful_degradation.py:74: error: Function is missing a return type annotation  [no-untyped-def]
tests\test_chromadb_graceful_degradation.py:74: note: Use "-> None" if function does not return a value
Found 20 errors in 4 files (checked 42 source files)
