codedocsync\storage\vector_store.py:8: error: Cannot find implementation or library stub for module named "chromadb"  [import-not-found]
codedocsync\storage\vector_store.py:9: error: Cannot find implementation or library stub for module named "chromadb.config"  [import-not-found]
codedocsync\storage\vector_store.py:9: note: See https://mypy.readthedocs.io/en/stable/running_mypy.html#missing-imports
codedocsync\storage\vector_store.py:13: error: Unused "type: ignore" comment  [unused-ignore]
codedocsync\storage\vector_store.py:14: error: Unused "type: ignore[assignment, misc]" comment  [unused-ignore]
codedocsync\matcher\semantic_matcher.py:380: error: Incompatible types in assignment (expression has type "None", variable has type "VectorStore")  [assignment]
codedocsync\matcher\semantic_matcher.py:385: error: Incompatible types in assignment (expression has type "None", variable has type "EmbeddingCache")  [assignment]
codedocsync\matcher\semantic_matcher.py:389: error: Incompatible types in assignment (expression has type "None", variable has type "EmbeddingGenerator")  [assignment]
codedocsync\matcher\semantic_matcher.py:393: error: Incompatible types in assignment (expression has type "None", variable has type "SemanticScorer")  [assignment]
codedocsync\cli\analyze.py:125: error: Unexpected keyword argument "enable_semantic" for "UnifiedMatchingFacade"  [call-arg]
codedocsync\matcher\unified_facade.py:93: note: "UnifiedMatchingFacade" defined here
codedocsync\cli\analyze.py:328: error: Unexpected keyword argument "enable_semantic" for "UnifiedMatchingFacade"  [call-arg]
Found 10 errors in 3 files (checked 9 source files)
