codedocsync\storage\vector_store.py:8: error: Cannot find implementation or library stub for module named "chromadb"  [import-not-found]
codedocsync\storage\vector_store.py:9: error: Cannot find implementation or library stub for module named "chromadb.config"  [import-not-found]
codedocsync\storage\vector_store.py:9: note: See https://mypy.readthedocs.io/en/stable/running_mypy.html#missing-imports
codedocsync\storage\vector_store.py:13: error: Unused "type: ignore" comment  [unused-ignore]
codedocsync\storage\vector_store.py:14: error: Unused "type: ignore[assignment, misc]" comment  [unused-ignore]
codedocsync\matcher\semantic_matcher.py:380: error: Incompatible types in assignment (expression has type "None", variable has type "VectorStore")  [assignment]
codedocsync\matcher\semantic_matcher.py:385: error: Incompatible types in assignment (expression has type "None", variable has type "EmbeddingCache")  [assignment]
codedocsync\matcher\semantic_matcher.py:389: error: Incompatible types in assignment (expression has type "None", variable has type "EmbeddingGenerator")  [assignment]
codedocsync\matcher\semantic_matcher.py:393: error: Incompatible types in assignment (expression has type "None", variable has type "SemanticScorer")  [assignment]
Found 8 errors in 2 files (checked 28 source files)
