============================= test session starts =============================
platform win32 -- Python 3.13.5, pytest-8.4.1, pluggy-1.6.0 -- C:\Users\issak\CodeDocSync\.venv\Scripts\python.exe
cachedir: .pytest_cache
rootdir: C:\Users\issak\CodeDocSync
configfile: pyproject.toml
plugins: anyio-4.9.0, asyncio-1.1.0, mock-3.14.1
asyncio: mode=Mode.AUTO, asyncio_default_fixture_loop_scope=None, asyncio_default_test_loop_scope=function
collecting ... collected 38 items

test_type_formatter.py::TestTypeAnnotationFormatter::test_initialization PASSED [  2%]
test_type_formatter.py::TestTypeAnnotationFormatter::test_initialization_with_style PASSED [  5%]
test_type_formatter.py::TestTypeAnnotationFormatter::test_format_simple_types PASSED [  7%]
test_type_formatter.py::TestTypeAnnotationFormatter::test_format_empty_type PASSED [ 10%]
test_type_formatter.py::TestTypeAnnotationFormatter::test_format_optional_types PASSED [ 13%]
test_type_formatter.py::TestTypeAnnotationFormatter::test_format_union_types PASSED [ 15%]
test_type_formatter.py::TestTypeAnnotationFormatter::test_format_generic_types PASSED [ 18%]
test_type_formatter.py::TestTypeAnnotationFormatter::test_format_complex_types FAILED [ 21%]
test_type_formatter.py::TestTypeAnnotationFormatter::test_normalize_type_string PASSED [ 23%]
test_type_formatter.py::TestTypeAnnotationFormatter::test_assess_complexity FAILED [ 26%]
test_type_formatter.py::TestTypeAnnotationFormatter::test_format_for_numpy_style PASSED [ 28%]
test_type_formatter.py::TestTypeAnnotationFormatter::test_format_for_sphinx_style PASSED [ 31%]
test_type_formatter.py::TestTypeAnnotationFormatter::test_split_union_types PASSED [ 34%]
test_type_formatter.py::TestTypeAnnotationFormatter::test_extract_from_ast_name PASSED [ 36%]
test_type_formatter.py::TestTypeAnnotationFormatter::test_extract_from_ast_attribute PASSED [ 39%]
test_type_formatter.py::TestTypeAnnotationFormatter::test_extract_from_ast_subscript PASSED [ 42%]
test_type_formatter.py::TestTypeAnnotationFormatter::test_extract_from_ast_none PASSED [ 44%]
test_type_formatter.py::TestTypeAnnotationFormatter::test_simplify_for_style PASSED [ 47%]
test_type_formatter.py::TestTypeAnnotationFormatter::test_type_mappings_numpy PASSED [ 50%]
test_type_formatter.py::TestTypeAnnotationFormatter::test_type_mappings_sphinx PASSED [ 52%]
test_type_formatter.py::TestTypeAnnotationFormatter::test_caching_behavior PASSED [ 55%]
test_type_formatter.py::TestTypeAnnotationFormatter::test_new_style_union_syntax FAILED [ 57%]
test_type_formatter.py::TestComplexTypeScenarios::test_deeply_nested_generics PASSED [ 60%]
test_type_formatter.py::TestComplexTypeScenarios::test_very_long_type_annotations FAILED [ 63%]
test_type_formatter.py::TestComplexTypeScenarios::test_recursive_type_structures PASSED [ 65%]
test_type_formatter.py::TestComplexTypeScenarios::test_malformed_type_annotations PASSED [ 68%]
test_type_formatter.py::TestComplexTypeScenarios::test_custom_generic_types PASSED [ 71%]
test_type_formatter.py::TestComplexTypeScenarios::test_forward_references PASSED [ 73%]
test_type_formatter.py::TestComplexTypeScenarios::test_special_typing_constructs PASSED [ 76%]
test_type_formatter.py::TestConvenienceFunctions::test_format_type_for_style_function PASSED [ 78%]
test_type_formatter.py::TestConvenienceFunctions::test_extract_type_from_ast_function PASSED [ 81%]
test_type_formatter.py::TestConvenienceFunctions::test_convenience_function_with_empty PASSED [ 84%]
test_type_formatter.py::TestPerformanceAndEdgeCases::test_cache_performance PASSED [ 86%]
test_type_formatter.py::TestPerformanceAndEdgeCases::test_unicode_in_type_annotations PASSED [ 89%]
test_type_formatter.py::TestPerformanceAndEdgeCases::test_very_long_type_names PASSED [ 92%]
test_type_formatter.py::TestPerformanceAndEdgeCases::test_special_characters_in_types PASSED [ 94%]
test_type_formatter.py::TestPerformanceAndEdgeCases::test_empty_and_whitespace_types PASSED [ 97%]
test_type_formatter.py::TestPerformanceAndEdgeCases::test_complexity_cache_size PASSED [100%]

=========================== short test summary info ===========================
FAILED test_type_formatter.py::TestTypeAnnotationFormatter::test_format_complex_types
FAILED test_type_formatter.py::TestTypeAnnotationFormatter::test_assess_complexity
FAILED test_type_formatter.py::TestTypeAnnotationFormatter::test_new_style_union_syntax
FAILED test_type_formatter.py::TestComplexTypeScenarios::test_very_long_type_annotations
======================== 4 failed, 34 passed in 2.84s =========================
