=== Matcher Test Summary ===
tests/matcher/test_contextual_matcher.py::TestAdvancedScenarios::test_namespace_conflicts FAILED [ 20%]
tests/matcher/test_contextual_matcher.py::TestEdgeCases::test_cross_package_documentation FAILED [ 29%]
tests/matcher/test_semantic_matcher.py::TestSemanticMatcherPerformance::test_embedding_generation_time ERROR [ 67%]
tests/matcher/test_semantic_matcher.py::TestSemanticMatcherPerformance::test_cache_hit_performance ERROR [ 70%]
tests/matcher/test_semantic_matcher.py::TestSemanticMatcherPerformance::test_similarity_threshold ERROR [ 73%]
tests/matcher/test_semantic_matcher.py::TestSemanticMatcherFallback::test_semantic_match_renamed_function ERROR [ 76%]
tests/matcher/test_semantic_matcher.py::TestSemanticMatcherFallback::test_no_match_below_threshold ERROR [ 79%]
tests/matcher/test_semantic_matcher.py::TestSemanticMatcherFallback::test_openai_api_failure_handling ERROR [ 82%]
tests/matcher/test_semantic_matcher.py::TestSemanticMatcherAdvanced::test_prepare_semantic_index_performance ERROR [ 85%]
tests/matcher/test_semantic_matcher.py::TestSemanticMatcherAdvanced::test_cache_invalidation_on_function_change ERROR [ 88%]
tests/matcher/test_semantic_matcher.py::TestSemanticMatcherAdvanced::test_batch_embedding_generation ERROR [ 91%]
tests/matcher/test_semantic_matcher.py::TestSemanticMatcherAdvanced::test_vector_store_integration ERROR [ 94%]
tests/matcher/test_semantic_matcher.py::TestSemanticMatcherAdvanced::test_multiple_model_fallback ERROR [ 97%]
=================================== ERRORS ====================================
_ ERROR at setup of TestSemanticMatcherPerformance.test_embedding_generation_time _
ERROR    codedocsync.storage.embedding_config:embedding_config.py:66 OpenAI model selected but no API key found
_ ERROR at setup of TestSemanticMatcherPerformance.test_cache_hit_performance _
ERROR    codedocsync.storage.embedding_config:embedding_config.py:66 OpenAI model selected but no API key found
_ ERROR at setup of TestSemanticMatcherPerformance.test_similarity_threshold __
ERROR    codedocsync.storage.embedding_config:embedding_config.py:66 OpenAI model selected but no API key found
_ ERROR at setup of TestSemanticMatcherFallback.test_semantic_match_renamed_function _
ERROR    codedocsync.storage.embedding_config:embedding_config.py:66 OpenAI model selected but no API key found
_ ERROR at setup of TestSemanticMatcherFallback.test_no_match_below_threshold _
ERROR    codedocsync.storage.embedding_config:embedding_config.py:66 OpenAI model selected but no API key found
_ ERROR at setup of TestSemanticMatcherFallback.test_openai_api_failure_handling _
ERROR    codedocsync.storage.embedding_config:embedding_config.py:66 OpenAI model selected but no API key found
_ ERROR at setup of TestSemanticMatcherAdvanced.test_prepare_semantic_index_performance _
ERROR    codedocsync.storage.embedding_config:embedding_config.py:66 OpenAI model selected but no API key found
_ ERROR at setup of TestSemanticMatcherAdvanced.test_cache_invalidation_on_function_change _
ERROR    codedocsync.storage.embedding_config:embedding_config.py:66 OpenAI model selected but no API key found
_ ERROR at setup of TestSemanticMatcherAdvanced.test_batch_embedding_generation _
ERROR    codedocsync.storage.embedding_config:embedding_config.py:66 OpenAI model selected but no API key found
_ ERROR at setup of TestSemanticMatcherAdvanced.test_vector_store_integration _
ERROR    codedocsync.storage.embedding_config:embedding_config.py:66 OpenAI model selected but no API key found
_ ERROR at setup of TestSemanticMatcherAdvanced.test_multiple_model_fallback __
ERROR    codedocsync.storage.embedding_config:embedding_config.py:66 OpenAI model selected but no API key found
ERROR tests/matcher/test_semantic_matcher.py::TestSemanticMatcherPerformance::test_embedding_generation_time
ERROR tests/matcher/test_semantic_matcher.py::TestSemanticMatcherPerformance::test_cache_hit_performance
ERROR tests/matcher/test_semantic_matcher.py::TestSemanticMatcherPerformance::test_similarity_threshold
ERROR tests/matcher/test_semantic_matcher.py::TestSemanticMatcherFallback::test_semantic_match_renamed_function
ERROR tests/matcher/test_semantic_matcher.py::TestSemanticMatcherFallback::test_no_match_below_threshold
ERROR tests/matcher/test_semantic_matcher.py::TestSemanticMatcherFallback::test_openai_api_failure_handling
ERROR tests/matcher/test_semantic_matcher.py::TestSemanticMatcherAdvanced::test_prepare_semantic_index_performance
ERROR tests/matcher/test_semantic_matcher.py::TestSemanticMatcherAdvanced::test_cache_invalidation_on_function_change
ERROR tests/matcher/test_semantic_matcher.py::TestSemanticMatcherAdvanced::test_batch_embedding_generation
ERROR tests/matcher/test_semantic_matcher.py::TestSemanticMatcherAdvanced::test_vector_store_integration
ERROR tests/matcher/test_semantic_matcher.py::TestSemanticMatcherAdvanced::test_multiple_model_fallback
